{
  "0 debug pnpm:scope": {
    "selected": 1
  },
  "1 error pnpm": {
    "errno": 1,
    "code": "ELIFECYCLE",
    "pkgid": "devops-part-1@0.1.0",
    "stage": "build",
    "script": "CI=false && react-scripts build",
    "pkgname": "devops-part-1",
    "err": {
      "name": "pnpm",
      "message": "devops-part-1@0.1.0 build: `CI=false && react-scripts build`\nExit status 1",
      "code": "ELIFECYCLE",
      "stack": "pnpm: devops-part-1@0.1.0 build: `CI=false && react-scripts build`\nExit status 1\n    at EventEmitter.<anonymous> (C:\\Users\\Sabih\\AppData\\Roaming\\npm\\node_modules\\pnpm\\dist\\pnpm.cjs:105392:20)\n    at EventEmitter.emit (events.js:400:28)\n    at ChildProcess.<anonymous> (C:\\Users\\Sabih\\AppData\\Roaming\\npm\\node_modules\\pnpm\\dist\\pnpm.cjs:91979:18)\n    at ChildProcess.emit (events.js:400:28)\n    at maybeClose (internal/child_process.js:1055:16)\n    at Process.ChildProcess._handle.onexit (internal/child_process.js:288:5)"
    }
  },
  "2 warn pnpm:global": " Local package.json exists, but node_modules missing, did you mean to install?"
}